Shell.cpp: In member function ‘BBP::std::errno_t BBP::system::initd::shell()’:
Shell.cpp:34:1: warning: no return statement in function returning non-void [-Wreturn-type]
   34 | }
      | ^
Shell.cpp: In member function ‘BBP::std::errno_t BBP::system::initd::shellApplication(BBP::std::size_t, BBP::std::string_element**)’:
Shell.cpp:37:68: warning: unused parameter ‘argc’ [-Wunused-parameter]
   37 | BBP::std::errno_t BBP::system::initd::shellApplication(std::size_t argc, std::c_string *argv)
      |                                                        ~~~~~~~~~~~~^~~~
Shell.cpp:37:89: warning: unused parameter ‘argv’ [-Wunused-parameter]
   37 | BBP::std::errno_t BBP::system::initd::shellApplication(std::size_t argc, std::c_string *argv)
      |                                                                          ~~~~~~~~~~~~~~~^~~~
Shell.cpp: In member function ‘BBP::std::size_t BBP::system::initd::loadUserInput()’:
Shell.cpp:205:10: warning: enumeration value ‘NUL’ not handled in switch [-Wswitch]
  205 |   switch (c0Action)
      |          ^
Shell.cpp:205:10: warning: enumeration value ‘SOH’ not handled in switch [-Wswitch]
Shell.cpp:205:10: warning: enumeration value ‘STX’ not handled in switch [-Wswitch]
Shell.cpp:205:10: warning: enumeration value ‘ETX’ not handled in switch [-Wswitch]
Shell.cpp:205:10: warning: enumeration value ‘EOT’ not handled in switch [-Wswitch]
Shell.cpp:205:10: warning: enumeration value ‘ENQ’ not handled in switch [-Wswitch]
Shell.cpp:205:10: warning: enumeration value ‘ACK’ not handled in switch [-Wswitch]
Shell.cpp:205:10: warning: enumeration value ‘BEL’ not handled in switch [-Wswitch]
Shell.cpp:205:10: warning: enumeration value ‘BS’ not handled in switch [-Wswitch]
Shell.cpp:205:10: warning: enumeration value ‘HT’ not handled in switch [-Wswitch]
Shell.cpp:205:10: warning: enumeration value ‘VT’ not handled in switch [-Wswitch]
Shell.cpp:205:10: warning: enumeration value ‘CR’ not handled in switch [-Wswitch]
Shell.cpp:205:10: warning: enumeration value ‘LS1’ not handled in switch [-Wswitch]
Shell.cpp:205:10: warning: enumeration value ‘LS0’ not handled in switch [-Wswitch]
Shell.cpp:205:10: warning: enumeration value ‘DLE’ not handled in switch [-Wswitch]
Shell.cpp:205:10: warning: enumeration value ‘DC1’ not handled in switch [-Wswitch]
Shell.cpp:205:10: warning: enumeration value ‘DC2’ not handled in switch [-Wswitch]
Shell.cpp:205:10: warning: enumeration value ‘DC3’ not handled in switch [-Wswitch]
Shell.cpp:205:10: warning: enumeration value ‘DC4’ not handled in switch [-Wswitch]
Shell.cpp:205:10: warning: enumeration value ‘NAK’ not handled in switch [-Wswitch]
Shell.cpp:205:10: warning: enumeration value ‘SYN’ not handled in switch [-Wswitch]
Shell.cpp:205:10: warning: enumeration value ‘ETB’ not handled in switch [-Wswitch]
Shell.cpp:205:10: warning: enumeration value ‘CAN’ not handled in switch [-Wswitch]
Shell.cpp:205:10: warning: enumeration value ‘EM’ not handled in switch [-Wswitch]
Shell.cpp:205:10: warning: enumeration value ‘SUB’ not handled in switch [-Wswitch]
Shell.cpp:205:10: warning: enumeration value ‘ESC’ not handled in switch [-Wswitch]
Shell.cpp:205:10: warning: enumeration value ‘IS4’ not handled in switch [-Wswitch]
Shell.cpp:205:10: warning: enumeration value ‘IS3’ not handled in switch [-Wswitch]
Shell.cpp:205:10: warning: enumeration value ‘IS2’ not handled in switch [-Wswitch]
Shell.cpp:205:10: warning: enumeration value ‘IS1’ not handled in switch [-Wswitch]
