In file included from ../include/Stack.h:88,
                 from ../include/Resources.h:5,
                 from PageAllocator.cpp:3:
../include/Stack.hxx: In member function 'void BBP::std::Stack<K>::Extend(BBP::std::ResourceManager*, BBP::std::index_t)':
../include/Stack.hxx:135:81: warning: invalid use of incomplete type 'class BBP::std::ResourceManager'
  135 |                         *page = std::PAGE<K>(page->dataSize + by, (K *)allocator->calloc(page->dataSize + by, sizeof(K)));
      |                                                                                 ^~
../include/Stack.h:11:23: note: forward declaration of 'class BBP::std::ResourceManager'
   11 |                 class ResourceManager;
      |                       ^~~~~~~~~~~~~~~
../include/Stack.hxx:141:34: warning: invalid use of incomplete type 'class BBP::std::ResourceManager'
  141 |                         allocator->free(oldData);
      |                                  ^~
../include/Stack.h:11:23: note: forward declaration of 'class BBP::std::ResourceManager'
   11 |                 class ResourceManager;
      |                       ^~~~~~~~~~~~~~~
PageAllocator.cpp: In constructor 'BBP::std::pageAllocator::pageAllocator()':
PageAllocator.cpp:12:15: warning: unused variable 'nul' [-Wunused-variable]
   12 |         void *nul = nullptr;
      |               ^~~
PageAllocator.cpp:13:26: warning: unused variable 'nul2' [-Wunused-variable]
   13 |         AbstractGCEntry *nul2 = nullptr;
      |                          ^~~~
