c:\users\stran\documents\23in01\design\software\bbp\x64\debug\badapple.obj
c:\users\stran\documents\23in01\design\software\bbp\x64\debug\boot.obj
c:\users\stran\documents\23in01\design\software\bbp\x64\debug\dir.obj
c:\users\stran\documents\23in01\design\software\bbp\x64\debug\elf.obj
c:\users\stran\documents\23in01\design\software\bbp\x64\debug\elfheader.obj
c:\users\stran\documents\23in01\design\software\bbp\x64\debug\except.obj
c:\users\stran\documents\23in01\design\software\bbp\x64\debug\file.obj
c:\users\stran\documents\23in01\design\software\bbp\x64\debug\graphics.obj
c:\users\stran\documents\23in01\design\software\bbp\x64\debug\logout.obj
c:\users\stran\documents\23in01\design\software\bbp\x64\debug\memory.obj
c:\users\stran\documents\23in01\design\software\bbp\x64\debug\neofetch.obj
c:\users\stran\documents\23in01\design\software\bbp\x64\debug\path.obj
c:\users\stran\documents\23in01\design\software\bbp\x64\debug\resources.obj
c:\users\stran\documents\23in01\design\software\bbp\x64\debug\sectionbuilder.obj
c:\users\stran\documents\23in01\design\software\bbp\x64\debug\segmentbuilder.obj
c:\users\stran\documents\23in01\design\software\bbp\x64\debug\shell.obj
c:\users\stran\documents\23in01\design\software\bbp\x64\debug\smile.obj
c:\users\stran\documents\23in01\design\software\bbp\x64\debug\start.obj
c:\users\stran\documents\23in01\design\software\bbp\x64\debug\stdint.obj
c:\users\stran\documents\23in01\design\software\bbp\x64\debug\stdio.obj
c:\users\stran\documents\23in01\design\software\bbp\x64\debug\strings.obj
c:\users\stran\documents\23in01\design\software\bbp\x64\debug\symbolbuilder.obj
c:\users\stran\documents\23in01\design\software\bbp\x64\debug\time.obj
c:\users\stran\documents\23in01\design\software\bbp\x64\debug\volume.obj
c:\users\stran\documents\23in01\design\software\bbp\x64\debug\vc143.idb
c:\users\stran\documents\23in01\design\software\bbp\x64\debug\vc143.pdb
c:\users\stran\documents\23in01\design\software\bbp\x64\debug\bbp.tlog\cl.command.1.tlog
