pvalue.cpp: In member function 'BBP::userspace::register_t* BBP::userspace::pvalue::getAddressForRegister(BBP::userspace::StateMachine&, BBP::std::address_t)':
pvalue.cpp:43:35: warning: this statement may fall through [-Wimplicit-fallthrough=]
   43 |                         std::raise(std::SIGILL);
      |                         ~~~~~~~~~~^~~~~~~~~~~~~
pvalue.cpp:44:17: note: here
   44 |                 case HIBYHIHW:  // Doesn't exist
      |                 ^~~~
pvalue.cpp:45:35: warning: this statement may fall through [-Wimplicit-fallthrough=]
   45 |                         std::raise(std::SIGILL);
      |                         ~~~~~~~~~~^~~~~~~~~~~~~
pvalue.cpp:46:17: note: here
   46 |                 case LOBYLOHW:  // AL
      |                 ^~~~
pvalue.cpp:56:35: warning: this statement may fall through [-Wimplicit-fallthrough=]
   56 |                         std::raise(std::SIGILL);
      |                         ~~~~~~~~~~^~~~~~~~~~~~~
pvalue.cpp:57:17: note: here
   57 |                 case TT:                // EAX
      |                 ^~~~
pvalue.cpp:68:35: warning: this statement may fall through [-Wimplicit-fallthrough=]
   68 |                         std::raise(std::SIGILL);
      |                         ~~~~~~~~~~^~~~~~~~~~~~~
pvalue.cpp:69:17: note: here
   69 |                 case HIBYHIHW:  // Doesn't exist
      |                 ^~~~
pvalue.cpp:70:35: warning: this statement may fall through [-Wimplicit-fallthrough=]
   70 |                         std::raise(std::SIGILL);
      |                         ~~~~~~~~~~^~~~~~~~~~~~~
pvalue.cpp:71:17: note: here
   71 |                 case LOBYLOHW:  // CL
      |                 ^~~~
pvalue.cpp:81:35: warning: this statement may fall through [-Wimplicit-fallthrough=]
   81 |                         std::raise(std::SIGILL);
      |                         ~~~~~~~~~~^~~~~~~~~~~~~
pvalue.cpp:82:17: note: here
   82 |                 case TT:                // ECX
      |                 ^~~~
pvalue.cpp:93:35: warning: this statement may fall through [-Wimplicit-fallthrough=]
   93 |                         std::raise(std::SIGILL);
      |                         ~~~~~~~~~~^~~~~~~~~~~~~
pvalue.cpp:94:17: note: here
   94 |                 case HIBYHIHW:  // Doesn't exist
      |                 ^~~~
pvalue.cpp:95:35: warning: this statement may fall through [-Wimplicit-fallthrough=]
   95 |                         std::raise(std::SIGILL);
      |                         ~~~~~~~~~~^~~~~~~~~~~~~
pvalue.cpp:96:17: note: here
   96 |                 case LOBYLOHW:  // DL
      |                 ^~~~
pvalue.cpp:106:35: warning: this statement may fall through [-Wimplicit-fallthrough=]
  106 |                         std::raise(std::SIGILL);
      |                         ~~~~~~~~~~^~~~~~~~~~~~~
pvalue.cpp:107:17: note: here
  107 |                 case TT:                // EDX
      |                 ^~~~
pvalue.cpp:118:35: warning: this statement may fall through [-Wimplicit-fallthrough=]
  118 |                         std::raise(std::SIGILL);
      |                         ~~~~~~~~~~^~~~~~~~~~~~~
pvalue.cpp:119:17: note: here
  119 |                 case HIBYHIHW:  // Doesn't exist
      |                 ^~~~
pvalue.cpp:120:35: warning: this statement may fall through [-Wimplicit-fallthrough=]
  120 |                         std::raise(std::SIGILL);
      |                         ~~~~~~~~~~^~~~~~~~~~~~~
pvalue.cpp:121:17: note: here
  121 |                 case LOBYLOHW:  // BL
      |                 ^~~~
pvalue.cpp:131:35: warning: this statement may fall through [-Wimplicit-fallthrough=]
  131 |                         std::raise(std::SIGILL);
      |                         ~~~~~~~~~~^~~~~~~~~~~~~
pvalue.cpp:132:17: note: here
  132 |                 case TT:                // EBX
      |                 ^~~~
pvalue.cpp:143:35: warning: this statement may fall through [-Wimplicit-fallthrough=]
  143 |                         std::raise(std::SIGILL);
      |                         ~~~~~~~~~~^~~~~~~~~~~~~
pvalue.cpp:144:17: note: here
  144 |                 case HIBYHIHW:  // Doesn't exist
      |                 ^~~~
pvalue.cpp:145:35: warning: this statement may fall through [-Wimplicit-fallthrough=]
  145 |                         std::raise(std::SIGILL);
      |                         ~~~~~~~~~~^~~~~~~~~~~~~
pvalue.cpp:146:17: note: here
  146 |                 case LOBYLOHW:  // sil
      |                 ^~~~
pvalue.cpp:156:35: warning: this statement may fall through [-Wimplicit-fallthrough=]
  156 |                         std::raise(std::SIGILL);
      |                         ~~~~~~~~~~^~~~~~~~~~~~~
pvalue.cpp:157:17: note: here
  157 |                 case TT:                // esi
      |                 ^~~~
pvalue.cpp:168:35: warning: this statement may fall through [-Wimplicit-fallthrough=]
  168 |                         std::raise(std::SIGILL);
      |                         ~~~~~~~~~~^~~~~~~~~~~~~
pvalue.cpp:169:17: note: here
  169 |                 case HIBYHIHW:  // Doesn't exist
      |                 ^~~~
pvalue.cpp:170:35: warning: this statement may fall through [-Wimplicit-fallthrough=]
  170 |                         std::raise(std::SIGILL);
      |                         ~~~~~~~~~~^~~~~~~~~~~~~
pvalue.cpp:171:17: note: here
  171 |                 case LOBYLOHW:  // dil
      |                 ^~~~
pvalue.cpp:181:35: warning: this statement may fall through [-Wimplicit-fallthrough=]
  181 |                         std::raise(std::SIGILL);
      |                         ~~~~~~~~~~^~~~~~~~~~~~~
pvalue.cpp:182:17: note: here
  182 |                 case TT:                // edi
      |                 ^~~~
pvalue.cpp:249:35: warning: this statement may fall through [-Wimplicit-fallthrough=]
  249 |                         std::raise(std::SIGILL);
      |                         ~~~~~~~~~~^~~~~~~~~~~~~
pvalue.cpp:250:17: note: here
  250 |                 case HIBYHIHW:  // Doesn't exist
      |                 ^~~~
pvalue.cpp:251:35: warning: this statement may fall through [-Wimplicit-fallthrough=]
  251 |                         std::raise(std::SIGILL);
      |                         ~~~~~~~~~~^~~~~~~~~~~~~
pvalue.cpp:252:17: note: here
  252 |                 case LOBYLOHW:  // Doesn't exist
      |                 ^~~~
pvalue.cpp:253:35: warning: this statement may fall through [-Wimplicit-fallthrough=]
  253 |                         std::raise(std::SIGILL);
      |                         ~~~~~~~~~~^~~~~~~~~~~~~
pvalue.cpp:254:17: note: here
  254 |                 case HIBYLOHW:  // Doesn't exist
      |                 ^~~~
pvalue.cpp:255:35: warning: this statement may fall through [-Wimplicit-fallthrough=]
  255 |                         std::raise(std::SIGILL);
      |                         ~~~~~~~~~~^~~~~~~~~~~~~
pvalue.cpp:256:17: note: here
  256 |                 case LOHW:              // gsi
      |                 ^~~~
pvalue.cpp:273:35: warning: this statement may fall through [-Wimplicit-fallthrough=]
  273 |                         std::raise(std::SIGILL);
      |                         ~~~~~~~~~~^~~~~~~~~~~~~
pvalue.cpp:274:17: note: here
  274 |                 case HIBYHIHW:  // Doesn't exist
      |                 ^~~~
pvalue.cpp:275:35: warning: this statement may fall through [-Wimplicit-fallthrough=]
  275 |                         std::raise(std::SIGILL);
      |                         ~~~~~~~~~~^~~~~~~~~~~~~
pvalue.cpp:276:17: note: here
  276 |                 case LOBYLOHW:  // il
      |                 ^~~~
pvalue.cpp:286:35: warning: this statement may fall through [-Wimplicit-fallthrough=]
  286 |                         std::raise(std::SIGILL);
      |                         ~~~~~~~~~~^~~~~~~~~~~~~
pvalue.cpp:287:17: note: here
  287 |                 case TT:                // eip
      |                 ^~~~
pvalue.cpp:298:35: warning: this statement may fall through [-Wimplicit-fallthrough=]
  298 |                         std::raise(std::SIGILL);
      |                         ~~~~~~~~~~^~~~~~~~~~~~~
pvalue.cpp:299:17: note: here
  299 |                 case HIBYHIHW:  // Doesn't exist
      |                 ^~~~
pvalue.cpp:300:35: warning: this statement may fall through [-Wimplicit-fallthrough=]
  300 |                         std::raise(std::SIGILL);
      |                         ~~~~~~~~~~^~~~~~~~~~~~~
pvalue.cpp:301:17: note: here
  301 |                 case LOBYLOHW:  // Doesn't exist
      |                 ^~~~
pvalue.cpp:302:35: warning: this statement may fall through [-Wimplicit-fallthrough=]
  302 |                         std::raise(std::SIGILL);
      |                         ~~~~~~~~~~^~~~~~~~~~~~~
pvalue.cpp:303:17: note: here
  303 |                 case HIBYLOHW:  // Doesn't exist
      |                 ^~~~
pvalue.cpp:304:35: warning: this statement may fall through [-Wimplicit-fallthrough=]
  304 |                         std::raise(std::SIGILL);
      |                         ~~~~~~~~~~^~~~~~~~~~~~~
pvalue.cpp:305:17: note: here
  305 |                 case LOHW:              // Doesn't exist
      |                 ^~~~
pvalue.cpp:306:35: warning: this statement may fall through [-Wimplicit-fallthrough=]
  306 |                         std::raise(std::SIGILL);
      |                         ~~~~~~~~~~^~~~~~~~~~~~~
pvalue.cpp:307:17: note: here
  307 |                 case HIHW:              // Doesn't exist
      |                 ^~~~
pvalue.cpp:308:35: warning: this statement may fall through [-Wimplicit-fallthrough=]
  308 |                         std::raise(std::SIGILL);
      |                         ~~~~~~~~~~^~~~~~~~~~~~~
pvalue.cpp:309:17: note: here
  309 |                 case TT:                // sip
      |                 ^~~~
