rvalue.cpp: In member function 'virtual void BBP::userspace::rvalue::dereference(BBP::userspace::StateMachine&, BBP::std::address_t)':
rvalue.cpp:54:67: warning: unused parameter 'state' [-Wunused-parameter]
   54 | void BBP::userspace::rvalue::dereference(userspace::StateMachine &state, std::address_t lvalueFor)
      |                                          ~~~~~~~~~~~~~~~~~~~~~~~~~^~~~~
rvalue.cpp:54:89: warning: unused parameter 'lvalueFor' [-Wunused-parameter]
   54 | void BBP::userspace::rvalue::dereference(userspace::StateMachine &state, std::address_t lvalueFor)
      |                                                                          ~~~~~~~~~~~~~~~^~~~~~~~~
rvalue.cpp: In member function 'virtual BBP::std::word BBP::userspace::rvalue::resolve(BBP::userspace::StateMachine&)':
rvalue.cpp:89:73: warning: unused parameter 'state' [-Wunused-parameter]
   89 | BBP::std::word BBP::userspace::rvalue::resolve(userspace::StateMachine &state)
      |                                                ~~~~~~~~~~~~~~~~~~~~~~~~~^~~~~
rvalue.cpp: In member function 'virtual void BBP::userspace::rvalue::assign(BBP::userspace::StateMachine&, BBP::userspace::pvalue&, BBP::std::byte)':
rvalue.cpp:97:62: warning: unused parameter 'state' [-Wunused-parameter]
   97 | void BBP::userspace::rvalue::assign(userspace::StateMachine &state, pvalue &assignee, std::byte bytes)
      |                                     ~~~~~~~~~~~~~~~~~~~~~~~~~^~~~~
rvalue.cpp:97:77: warning: unused parameter 'assignee' [-Wunused-parameter]
   97 | void BBP::userspace::rvalue::assign(userspace::StateMachine &state, pvalue &assignee, std::byte bytes)
      |                                                                     ~~~~~~~~^~~~~~~~
rvalue.cpp:97:97: warning: unused parameter 'bytes' [-Wunused-parameter]
   97 | void BBP::userspace::rvalue::assign(userspace::StateMachine &state, pvalue &assignee, std::byte bytes)
      |                                                                                       ~~~~~~~~~~^~~~~
rvalue.cpp: In member function 'virtual void BBP::userspace::rvalue::assign(BBP::userspace::StateMachine&, BBP::std::word, BBP::std::byte)':
rvalue.cpp:103:62: warning: unused parameter 'state' [-Wunused-parameter]
  103 | void BBP::userspace::rvalue::assign(userspace::StateMachine &state, std::word data, std::byte bytes)
      |                                     ~~~~~~~~~~~~~~~~~~~~~~~~~^~~~~
rvalue.cpp:103:79: warning: unused parameter 'data' [-Wunused-parameter]
  103 | void BBP::userspace::rvalue::assign(userspace::StateMachine &state, std::word data, std::byte bytes)
      |                                                                     ~~~~~~~~~~^~~~
rvalue.cpp:103:95: warning: unused parameter 'bytes' [-Wunused-parameter]
  103 | void BBP::userspace::rvalue::assign(userspace::StateMachine &state, std::word data, std::byte bytes)
      |                                                                                     ~~~~~~~~~~^~~~~
rvalue.cpp: In member function 'virtual bool BBP::userspace::rvalue::canUserExecuteFrom(BBP::userspace::StateMachine&)':
rvalue.cpp:109:74: warning: unused parameter 'state' [-Wunused-parameter]
  109 | bool BBP::userspace::rvalue::canUserExecuteFrom(userspace::StateMachine& state)
      |                                                 ~~~~~~~~~~~~~~~~~~~~~~~~~^~~~~
rvalue.cpp: In member function 'virtual bool BBP::userspace::rvalue::canUserReadFrom(BBP::userspace::StateMachine&)':
rvalue.cpp:115:71: warning: unused parameter 'state' [-Wunused-parameter]
  115 | bool BBP::userspace::rvalue::canUserReadFrom(userspace::StateMachine& state)
      |                                              ~~~~~~~~~~~~~~~~~~~~~~~~~^~~~~
rvalue.cpp: In member function 'virtual bool BBP::userspace::rvalue::canUserWriteTo(BBP::userspace::StateMachine&)':
rvalue.cpp:121:70: warning: unused parameter 'state' [-Wunused-parameter]
  121 | bool BBP::userspace::rvalue::canUserWriteTo(userspace::StateMachine& state)
      |                                             ~~~~~~~~~~~~~~~~~~~~~~~~~^~~~~
