Lexer.cpp: In member function 'BBP::std::Lexer::lex_keywordhandle BBP::std::Lexer::lex_context::moveToNextKeyword()':
Lexer.cpp:202:40: warning: suggest parentheses around comparison in operand of '==' [-Wparentheses]
  202 |                         if (atPosition >= data.dataSize == false)
      |                             ~~~~~~~~~~~^~~~~~~~~~~~~~~~
Lexer.cpp: In member function 'void BBP::std::Lexer::lex_context::moveToEndOfThisWord(bool)':
Lexer.cpp:600:61: warning: unused parameter 'stopAtNewLine' [-Wunused-parameter]
  600 | void BBP::std::Lexer::lex_context::moveToEndOfThisWord(bool stopAtNewLine)
      |                                                        ~~~~~^~~~~~~~~~~~~
Lexer.cpp: In member function 'void BBP::std::Lexer::lex_context::moveToStartOfThisWord(bool)':
Lexer.cpp:611:63: warning: unused parameter 'stopAtNewLine' [-Wunused-parameter]
  611 | void BBP::std::Lexer::lex_context::moveToStartOfThisWord(bool stopAtNewLine)
      |                                                          ~~~~~^~~~~~~~~~~~~
In file included from Lexer.cpp:1:
../include/Lex.h: In constructor 'BBP::std::Lexer::lex_context::lex_context()':
../include/Lex.h:157:65: warning: 'BBP::std::Lexer::lex_context::syspaths' will be initialized after [-Wreorder]
  157 |                                 std::Stack<std::string_element> syspaths;
      |                                                                 ^~~~~~~~
../include/Lex.h:150:38: warning:   'bool BBP::std::Lexer::lex_context::abort' [-Wreorder]
  150 |                                 bool abort;
      |                                      ^~~~~
Lexer.cpp:989:1: warning:   when initialized here [-Wreorder]
  989 | BBP::std::Lexer::lex_context::lex_context()
      | ^~~
../include/Lex.h:150:38: warning: 'BBP::std::Lexer::lex_context::abort' will be initialized after [-Wreorder]
  150 |                                 bool abort;
      |                                      ^~~~~
../include/Lex.h:127:46: warning:   'BBP::std::index_t BBP::std::Lexer::lex_context::atPosition' [-Wreorder]
  127 |                                 std::index_t atPosition;
      |                                              ^~~~~~~~~~
Lexer.cpp:989:1: warning:   when initialized here [-Wreorder]
  989 | BBP::std::Lexer::lex_context::lex_context()
      | ^~~
../include/Lex.h:144:38: warning: 'BBP::std::Lexer::lex_context::literalDepth' will be initialized after [-Wreorder]
  144 |                                 char literalDepth; // 0 if not in literal, otherwise used to mask keywords.
      |                                      ^~~~~~~~~~~~
../include/Lex.h:124:45: warning:   'BBP::std::size_t BBP::std::Lexer::lex_context::dataSize' [-Wreorder]
  124 |                                 std::size_t dataSize;
      |                                             ^~~~~~~~
Lexer.cpp:989:1: warning:   when initialized here [-Wreorder]
  989 | BBP::std::Lexer::lex_context::lex_context()
      | ^~~
../include/Lex.h:141:41: warning: 'BBP::std::Lexer::lex_context::lastWhiteSpace' will be initialized after [-Wreorder]
  141 |                                 index_t lastWhiteSpace;
      |                                         ^~~~~~~~~~~~~~
../include/Lex.h:136:38: warning:   'bool BBP::std::Lexer::lex_context::inhibitSpecialFunctions' [-Wreorder]
  136 |                                 bool inhibitSpecialFunctions;
      |                                      ^~~~~~~~~~~~~~~~~~~~~~~
Lexer.cpp:989:1: warning:   when initialized here [-Wreorder]
  989 | BBP::std::Lexer::lex_context::lex_context()
      | ^~~
Lexer.cpp: In member function 'void BBP::std::Lexer::lex_context::Log(BBP::std::conststring, BBP::std::conststring, BBP::std::conststring)':
Lexer.cpp:806:23: warning: this statement may fall through [-Wimplicit-fallthrough=]
  806 |                 abort = true;
      |                 ~~~~~~^~~~~~
Lexer.cpp:807:9: note: here
  807 |         case 'E':
      |         ^~~~
