Kernel.cpp: In member function 'BBP::std::index_t BBP::system::Kernel::findFirstEmptyFrame()':
Kernel.cpp:44:27: warning: suggest parentheses around assignment used as truth value [-Wparentheses]
   44 |                 if (empty = subsystems.processes.dataSize)
      |                     ~~~~~~^~~~~~~~~~~~~~~~~~~~~~~~~~~~~~~
Kernel.cpp: In member function 'BBP::system::procFrame* BBP::system::Kernel::allocateDaemonFrame(BBP::system::DaemonRecord*, BBP::std::string)':
Kernel.cpp:86:79: warning: ISO C++ forbids converting a string constant to 'BBP::std::c_string' {aka 'char*'} [-Wwrite-strings]
   86 |         frame->processContext = system::ProcessContext(*frame->systemContext, "/home/", "/home/");
      |                                                                               ^~~~~~~~
Kernel.cpp:86:89: warning: ISO C++ forbids converting a string constant to 'BBP::std::c_string' {aka 'char*'} [-Wwrite-strings]
   86 |         frame->processContext = system::ProcessContext(*frame->systemContext, "/home/", "/home/");
      |                                                                                         ^~~~~~~~
In file included from ../include/Hyperv.h:7,
                 from ../include/KernelSubSystems.h:4,
                 from ../include/Kernel.h:4,
                 from Kernel.cpp:1:
../include/SystemContext.h: In member function 'constexpr BBP::system::ProcessContext& BBP::system::ProcessContext::operator=(BBP::system::ProcessContext&&)':
../include/SystemContext.h:15:24: warning: implicitly-declared 'constexpr BBP::std::PATH& BBP::std::PATH::operator=(const BBP::std::PATH&)' is deprecated [-Wdeprecated-copy]
   15 |                 struct ProcessContext
      |                        ^~~~~~~~~~~~~~
In file included from ../include/SystemContext.h:3:
../include/FileSys.h:66:25: note: because 'BBP::std::PATH' has user-provided 'BBP::std::PATH::PATH(BBP::std::PATH&)'
   66 |                         PATH(std::PATH &);
      |                         ^~~~
../include/SystemContext.h:15:24: warning: implicitly-declared 'constexpr BBP::std::PATH& BBP::std::PATH::operator=(const BBP::std::PATH&)' is deprecated [-Wdeprecated-copy]
   15 |                 struct ProcessContext
      |                        ^~~~~~~~~~~~~~
../include/FileSys.h:66:25: note: because 'BBP::std::PATH' has user-provided 'BBP::std::PATH::PATH(BBP::std::PATH&)'
   66 |                         PATH(std::PATH &);
      |                         ^~~~
Kernel.cpp: In member function 'BBP::system::procFrame* BBP::system::Kernel::allocateDaemonFrame(BBP::system::DaemonRecord*, BBP::std::string)':
Kernel.cpp:86:97: note: synthesized method 'constexpr BBP::system::ProcessContext& BBP::system::ProcessContext::operator=(BBP::system::ProcessContext&&)' first required here
   86 |         frame->processContext = system::ProcessContext(*frame->systemContext, "/home/", "/home/");
      |                                                                                                 ^
