Numerical.cpp: In member function 'BBP::elsa::Numerical_t BBP::elsa::Numerical_t::operator+(BBP::elsa::Numerical_t)':
Numerical.cpp:7:1: warning: no return statement in function returning non-void [-Wreturn-type]
    7 | }
      | ^
Numerical.cpp: In member function 'BBP::elsa::Numerical_t BBP::elsa::Numerical_t::operator-(BBP::elsa::Numerical_t)':
Numerical.cpp:12:1: warning: no return statement in function returning non-void [-Wreturn-type]
   12 | }
      | ^
Numerical.cpp: In member function 'BBP::elsa::Numerical_t BBP::elsa::Numerical_t::operator*(BBP::elsa::Numerical_t)':
Numerical.cpp:18:1: warning: no return statement in function returning non-void [-Wreturn-type]
   18 | }
      | ^
Numerical.cpp: In member function 'BBP::elsa::Numerical_t BBP::elsa::Numerical_t::operator/(BBP::elsa::Numerical_t)':
Numerical.cpp:23:1: warning: no return statement in function returning non-void [-Wreturn-type]
   23 | }
      | ^
Numerical.cpp: In member function 'BBP::elsa::Numerical_t BBP::elsa::Numerical_t::operator%(BBP::elsa::Numerical_t)':
Numerical.cpp:28:1: warning: no return statement in function returning non-void [-Wreturn-type]
   28 | }
      | ^
Numerical.cpp: In member function 'bool BBP::elsa::Numerical_t::operator==(BBP::elsa::Numerical_t)':
Numerical.cpp:35:1: warning: no return statement in function returning non-void [-Wreturn-type]
   35 | }
      | ^
Numerical.cpp: In member function 'bool BBP::elsa::Numerical_t::operator!=(BBP::elsa::Numerical_t)':
Numerical.cpp:40:1: warning: no return statement in function returning non-void [-Wreturn-type]
   40 | }
      | ^
Numerical.cpp: In member function 'bool BBP::elsa::Numerical_t::operator<(BBP::elsa::Numerical_t)':
Numerical.cpp:44:53: warning: no return statement in function returning non-void [-Wreturn-type]
   44 | bool BBP::elsa::Numerical_t::operator<(Numerical_t){}
      |                                                     ^
Numerical.cpp: In member function 'bool BBP::elsa::Numerical_t::operator>(BBP::elsa::Numerical_t)':
Numerical.cpp:45:53: warning: no return statement in function returning non-void [-Wreturn-type]
   45 | bool BBP::elsa::Numerical_t::operator>(Numerical_t){}
      |                                                     ^
Numerical.cpp: In member function 'bool BBP::elsa::Numerical_t::operator<=(BBP::elsa::Numerical_t)':
Numerical.cpp:48:54: warning: no return statement in function returning non-void [-Wreturn-type]
   48 | bool BBP::elsa::Numerical_t::operator<=(Numerical_t){}
      |                                                      ^
Numerical.cpp: In member function 'bool BBP::elsa::Numerical_t::operator>=(BBP::elsa::Numerical_t)':
Numerical.cpp:49:55: warning: no return statement in function returning non-void [-Wreturn-type]
   49 | bool BBP::elsa::Numerical_t::operator>=(Numerical_t) {}
      |                                                       ^
Numerical.cpp: In member function 'BBP::elsa::Numerical_t BBP::elsa::Numerical_t::operator++()':
Numerical.cpp:59:61: warning: no return statement in function returning non-void [-Wreturn-type]
   59 | BBP::elsa::Numerical_t BBP::elsa::Numerical_t::operator++(){}
      |                                                             ^
Numerical.cpp: In member function 'BBP::elsa::Numerical_t BBP::elsa::Numerical_t::operator--()':
Numerical.cpp:60:61: warning: no return statement in function returning non-void [-Wreturn-type]
   60 | BBP::elsa::Numerical_t BBP::elsa::Numerical_t::operator--(){}
      |                                                             ^
Numerical.cpp: In member function 'BBP::elsa::Numerical_t BBP::elsa::Numerical_t::operator-()':
Numerical.cpp:63:61: warning: no return statement in function returning non-void [-Wreturn-type]
   63 | BBP::elsa::Numerical_t BBP::elsa::Numerical_t::operator-() {}
      |                                                             ^
Numerical.cpp: In member function 'bool BBP::elsa::Numerical_t::operator!()':
Numerical.cpp:66:43: warning: no return statement in function returning non-void [-Wreturn-type]
   66 | bool BBP::elsa::Numerical_t::operator!() {}
      |                                           ^
Numerical.cpp: In member function 'BBP::std::word BBP::elsa::Numerical_t::operator|(BBP::elsa::Numerical_t)':
Numerical.cpp:69:63: warning: no return statement in function returning non-void [-Wreturn-type]
   69 | BBP::std::word BBP::elsa::Numerical_t::operator|(Numerical_t){}
      |                                                               ^
Numerical.cpp: In member function 'BBP::std::word BBP::elsa::Numerical_t::operator&(BBP::elsa::Numerical_t)':
Numerical.cpp:70:63: warning: no return statement in function returning non-void [-Wreturn-type]
   70 | BBP::std::word BBP::elsa::Numerical_t::operator&(Numerical_t){}
      |                                                               ^
Numerical.cpp: In member function 'BBP::std::word BBP::elsa::Numerical_t::operator^(BBP::elsa::Numerical_t)':
Numerical.cpp:71:63: warning: no return statement in function returning non-void [-Wreturn-type]
   71 | BBP::std::word BBP::elsa::Numerical_t::operator^(Numerical_t){}
      |                                                               ^
Numerical.cpp: In member function 'BBP::std::word BBP::elsa::Numerical_t::operator~()':
Numerical.cpp:72:53: warning: no return statement in function returning non-void [-Wreturn-type]
   72 | BBP::std::word BBP::elsa::Numerical_t::operator~() {}
      |                                                     ^
