In file included from ../include/ELSA/../Stack.h:88,
                 from ../include/ELSA/../Resources.h:5,
                 from ../include/ELSA/../SequentialMemory.h:4,
                 from ../include/ELSA/SectionBuilder.h:4,
                 from ../include/ELSA/SectionDB.h:4,
                 from SectionDB.cpp:1:
../include/ELSA/../Stack.hxx: In member function 'void BBP::std::Stack<K>::Extend(BBP::std::ResourceManager*, BBP::std::index_t)':
../include/ELSA/../Stack.hxx:135:81: warning: invalid use of incomplete type 'class BBP::std::ResourceManager'
  135 |                         *page = std::PAGE<K>(page->dataSize + by, (K *)allocator->calloc(page->dataSize + by, sizeof(K)));
      |                                                                                 ^~
../include/ELSA/../Stack.h:11:23: note: forward declaration of 'class BBP::std::ResourceManager'
   11 |                 class ResourceManager;
      |                       ^~~~~~~~~~~~~~~
../include/ELSA/../Stack.hxx:141:34: warning: invalid use of incomplete type 'class BBP::std::ResourceManager'
  141 |                         allocator->free(oldData);
      |                                  ^~
../include/ELSA/../Stack.h:11:23: note: forward declaration of 'class BBP::std::ResourceManager'
   11 |                 class ResourceManager;
      |                       ^~~~~~~~~~~~~~~
In file included from ../include/ELSA/../Dictionary.h:5,
                 from ../include/ELSA/SectionDB.h:5:
../include/ELSA/../Concepts.h: At global scope:
../include/ELSA/../Concepts.h:16:25: warning: testing if a concept-id is a valid expression; add 'requires' to check satisfaction [-Wmissing-requires]
   16 |                         Hashable_t<T>;
      |                         ^
      |                         requires 
SectionDB.cpp: In member function 'BBP::std::byte BBP::elsa::section_db::get(BBP::std::index_t)':
SectionDB.cpp:43:56: warning: unused parameter 'idx' [-Wunused-parameter]
   43 | BBP::std::byte BBP::elsa::section_db::get(std::index_t idx)
      |                                           ~~~~~~~~~~~~~^~~
In file included from ../include/ELSA/../Dictionary.h:120:
../include/ELSA/../Dictionary.hxx: In instantiation of 'void BBP::std::HashedDictionary<Key_t, Value_t>::add(Key_t, Value_t) [with Key_t = BBP::std::PAGE<char>; Value_t = unsigned int]':
SectionDB.cpp:29:14:   required from here
../include/ELSA/../Dictionary.hxx:28:16: warning: unused variable 'valueHash' [-Wunused-variable]
   28 |         hash_t valueHash = (hash_t)value;
      |                ^~~~~~~~~
../include/ELSA/../Dictionary.hxx: In instantiation of 'void BBP::std::HashedDictionary<Key_t, Value_t>::remove(Key_t&&) [with Key_t = BBP::std::PAGE<char>; Value_t = unsigned int]':
../include/ELSA/../Dictionary.hxx:146:6:   required from here
../include/ELSA/../Dictionary.hxx:146:65: warning: unused parameter 'key' [-Wunused-parameter]
  146 | void BBP::std::HashedDictionary<Key_t, Value_t>::remove(Key_t &&key)
      |                                                         ~~~~~~~~^~~
In file included from ../include/ELSA/../SequentialMemory.h:101:
../include/ELSA/../SequentialMemory.hxx: In member function 'T& BBP::std::SequentialMemory<T>::operator[](BBP::std::index_t) [with T = unsigned char]':
../include/ELSA/../SequentialMemory.hxx:65:1: warning: control reaches end of non-void function [-Wreturn-type]
   65 | }
      | ^
