In file included from ../include/ELSA/../Dictionary.h:5,
                 from ../include/ELSA/Symbol.h:6,
                 from Symbols.cpp:1:
../include/ELSA/../Concepts.h:16:25: warning: testing if a concept-id is a valid expression; add 'requires' to check satisfaction [-Wmissing-requires]
   16 |                         Hashable_t<T>;
      |                         ^
      |                         requires 
Symbols.cpp: In member function 'bool BBP::elsa::symbol_t::operator==(BBP::elsa::symbol_t&)':
Symbols.cpp:83:49: warning: unused parameter 'b' [-Wunused-parameter]
   83 | bool BBP::elsa::symbol_t::operator ==(symbol_t &b)
      |                                       ~~~~~~~~~~^
Symbols.cpp: In member function 'bool BBP::elsa::symbol_t::operator!=(BBP::elsa::symbol_t&)':
Symbols.cpp:88:49: warning: unused parameter 'b' [-Wunused-parameter]
   88 | bool BBP::elsa::symbol_t::operator !=(symbol_t &b)
      |                                       ~~~~~~~~~~^
Symbols.cpp: In member function 'bool BBP::elsa::symbol_t::initializeConstant(BBP::std::word, BBP::std::DYN_PAGE::Alignment)':
Symbols.cpp:23:1: warning: control reaches end of non-void function [-Wreturn-type]
   23 | }
      | ^
Symbols.cpp: In member function 'bool BBP::elsa::symbol_t::initializeDynamic(BBP::std::size_t)':
Symbols.cpp:34:1: warning: control reaches end of non-void function [-Wreturn-type]
   34 | }
      | ^
