In file included from ../include/ELSA/../Dictionary.h:5,
                 from ../include/ELSA/Symbol.h:6,
                 from ../include/ELSA/TranslationUnit.h:4,
                 from TranslationUnit.cpp:1:
../include/ELSA/../Concepts.h:16:25: warning: testing if a concept-id is a valid expression; add ‘requires’ to check satisfaction [-Wmissing-requires]
   16 |                         Hashable_t<T>;
      |                         ^
      |                         requires 
In file included from ../include/ELSA/../Dictionary.h:123:
../include/ELSA/../Dictionary.hxx: In instantiation of ‘Value_t& BBP::std::HashedDictionary<Key_t, Value_t>::add(Key_t, Value_t) [with Key_t = BBP::std::PAGE<char>; Value_t = unsigned int]’:
../include/ELSA/../Dictionary.hxx:24:10:   required from here
../include/ELSA/../Dictionary.hxx:28:16: warning: unused variable ‘valueHash’ [-Wunused-variable]
   28 |         hash_t valueHash = (hash_t)value;
      |                ^~~~~~~~~
../include/ELSA/../Dictionary.hxx: In instantiation of ‘void BBP::std::HashedDictionary<Key_t, Value_t>::remove(Key_t&&) [with Key_t = BBP::std::PAGE<char>; Value_t = unsigned int]’:
../include/ELSA/../Dictionary.hxx:149:6:   required from here
../include/ELSA/../Dictionary.hxx:149:65: warning: unused parameter ‘key’ [-Wunused-parameter]
  149 | void BBP::std::HashedDictionary<Key_t, Value_t>::remove(Key_t &&key)
      |                                                         ~~~~~~~~^~~
../include/ELSA/../Dictionary.hxx: In instantiation of ‘Value_t& BBP::std::HashedDictionary<Key_t, Value_t>::add(Key_t, Value_t) [with Key_t = BBP::std::PAGE<char>; Value_t = BBP::elsa::symbol_db_entry]’:
../include/ELSA/../Dictionary.hxx:24:10:   required from here
../include/ELSA/../Dictionary.hxx:28:16: warning: unused variable ‘valueHash’ [-Wunused-variable]
   28 |         hash_t valueHash = (hash_t)value;
      |                ^~~~~~~~~
../include/ELSA/../Dictionary.hxx: In instantiation of ‘void BBP::std::HashedDictionary<Key_t, Value_t>::remove(Key_t&&) [with Key_t = BBP::std::PAGE<char>; Value_t = BBP::elsa::symbol_db_entry]’:
../include/ELSA/../Dictionary.hxx:149:6:   required from here
../include/ELSA/../Dictionary.hxx:149:65: warning: unused parameter ‘key’ [-Wunused-parameter]
  149 | void BBP::std::HashedDictionary<Key_t, Value_t>::remove(Key_t &&key)
      |                                                         ~~~~~~~~^~~
