Drivers/FileSystem/Actions.cpp: In function ‘BBP::std::word Host::Drivers::FileSystem::sendDataToFileSystem(BBP::std::size_t, BBP::std::PAGE<char>&)’:
Drivers/FileSystem/Actions.cpp:12:16: warning: implicitly-declared ‘constexpr BBP::std::PATH& BBP::std::PATH::operator=(const BBP::std::PATH&)’ is deprecated [-Wdeprecated-copy]
   12 |   activeFile = page;
      |                ^~~~
In file included from Drivers/FileSystem/../../../../include/FileSysInfo.h:4,
                 from Drivers/FileSystem/Filedrvhdr.h:6,
                 from Drivers/FileSystem/Actions.cpp:3:
Drivers/FileSystem/../../../../include/FileSys.h:94:4: note: because ‘BBP::std::PATH’ has user-provided ‘BBP::std::PATH::PATH(BBP::std::PATH&)’
   94 |    PATH(std::PATH &);
      |    ^~~~
Drivers/FileSystem/Actions.cpp:9:9: warning: enumeration value ‘INSPECT’ not handled in switch [-Wswitch]
    9 |  switch (mode)
      |         ^
Drivers/FileSystem/Actions.cpp: In function ‘BBP::std::word Host::Drivers::FileSystem::receiveDataFromFileSystem(BBP::std::size_t, BBP::std::PAGE<char>&)’:
Drivers/FileSystem/Actions.cpp:42:9: warning: unused variable ‘c’ [-Wunused-variable]
   42 |    char c = 0;
      |         ^
Drivers/FileSystem/Actions.cpp: In function ‘BBP::std::word Host::Drivers::FileSystem::sendDataToFileSystem(BBP::std::size_t, BBP::std::PAGE<char>&)’:
Drivers/FileSystem/Actions.cpp:23:1: warning: control reaches end of non-void function [-Wreturn-type]
   23 | }
      | ^
Drivers/FileSystem/Actions.cpp: In function ‘BBP::std::word Host::Drivers::FileSystem::receiveDataFromFileSystem(BBP::std::size_t, BBP::std::PAGE<char>&)’:
Drivers/FileSystem/Actions.cpp:66:1: warning: control reaches end of non-void function [-Wreturn-type]
   66 | }
      | ^
