GTerm/GTerm.cpp: In member function 'virtual void OS::Terminal::GTerm::str_Device(BBP::std::Stack<char>&)':
GTerm/GTerm.cpp:34:81: warning: unused parameter 'string' [-Wunused-parameter]
   34 | void OS::Terminal::GTerm::str_Device(BBP::std::Stack<BBP::std::string_element> &string)
      |                                      ~~~~~~~~~~~~~~~~~~~~~~~~~~~~~~~~~~~~~~~~~~~^~~~~~
GTerm/GTerm.cpp: In member function 'virtual void OS::Terminal::GTerm::str_Private(BBP::std::Stack<char>&)':
GTerm/GTerm.cpp:39:82: warning: unused parameter 'string' [-Wunused-parameter]
   39 | void OS::Terminal::GTerm::str_Private(BBP::std::Stack<BBP::std::string_element> &string)
      |                                       ~~~~~~~~~~~~~~~~~~~~~~~~~~~~~~~~~~~~~~~~~~~^~~~~~
GTerm/GTerm.cpp: In member function 'virtual void OS::Terminal::GTerm::str_Application(BBP::std::Stack<char>&)':
GTerm/GTerm.cpp:44:86: warning: unused parameter 'string' [-Wunused-parameter]
   44 | void OS::Terminal::GTerm::str_Application(BBP::std::Stack<BBP::std::string_element> &string)
      |                                           ~~~~~~~~~~~~~~~~~~~~~~~~~~~~~~~~~~~~~~~~~~~^~~~~~
GTerm/GTerm.cpp: In member function 'virtual void OS::Terminal::GTerm::str_OS(BBP::std::Stack<char>&)':
GTerm/GTerm.cpp:49:77: warning: unused parameter 'string' [-Wunused-parameter]
   49 | void OS::Terminal::GTerm::str_OS(BBP::std::Stack<BBP::std::string_element> &string)
      |                                  ~~~~~~~~~~~~~~~~~~~~~~~~~~~~~~~~~~~~~~~~~~~^~~~~~
GTerm/GTerm.cpp: In member function 'virtual void OS::Terminal::GTerm::str_Generic(BBP::std::Stack<char>&)':
GTerm/GTerm.cpp:54:82: warning: unused parameter 'string' [-Wunused-parameter]
   54 | void OS::Terminal::GTerm::str_Generic(BBP::std::Stack<BBP::std::string_element> &string)
      |                                       ~~~~~~~~~~~~~~~~~~~~~~~~~~~~~~~~~~~~~~~~~~~^~~~~~
